0 info it worked if it ends with ok
1 verbose cli [ '/usr/bin/node', '/usr/bin/npm', 'run', 'test' ]
2 info using npm@3.5.2
3 info using node@v8.10.0
4 verbose run-script [ 'pretest', 'test', 'posttest' ]
5 info lifecycle k2v-bridge@1.1.0~pretest: k2v-bridge@1.1.0
6 silly lifecycle k2v-bridge@1.1.0~pretest: no script for pretest, continuing
7 info lifecycle k2v-bridge@1.1.0~test: k2v-bridge@1.1.0
8 verbose lifecycle k2v-bridge@1.1.0~test: unsafe-perm in lifecycle true
9 verbose lifecycle k2v-bridge@1.1.0~test: PATH: /usr/share/npm/bin/node-gyp-bin:/home/ubuntu/Meu Git/dojot/connector/mqtt/vernemq/k2v-bridge/node_modules/.bin:/usr/local/sbin:/usr/local/bin:/usr/sbin:/usr/bin:/sbin:/bin:/snap/bin
10 verbose lifecycle k2v-bridge@1.1.0~test: CWD: /home/ubuntu/Meu Git/dojot/connector/mqtt/vernemq/k2v-bridge
11 silly lifecycle k2v-bridge@1.1.0~test: Args: [ '-c', 'jest' ]
12 info lifecycle k2v-bridge@1.1.0~test: Failed to exec test script
13 verbose stack Error: k2v-bridge@1.1.0 test: `jest`
13 verbose stack spawn ENOENT
13 verbose stack     at ChildProcess.<anonymous> (/usr/share/npm/lib/utils/spawn.js:17:16)
13 verbose stack     at emitTwo (events.js:126:13)
13 verbose stack     at ChildProcess.emit (events.js:214:7)
13 verbose stack     at maybeClose (internal/child_process.js:925:16)
13 verbose stack     at Process.ChildProcess._handle.onexit (internal/child_process.js:209:5)
14 verbose pkgid k2v-bridge@1.1.0
15 verbose cwd /home/ubuntu/Meu Git/dojot/connector/mqtt/vernemq/k2v-bridge
16 error Linux 5.4.0-80-generic
17 error argv "/usr/bin/node" "/usr/bin/npm" "run" "test"
18 error node v8.10.0
19 error npm  v3.5.2
20 error file sh
21 error code ELIFECYCLE
22 error errno ENOENT
23 error syscall spawn
24 error k2v-bridge@1.1.0 test: `jest`
24 error spawn ENOENT
25 error Failed at the k2v-bridge@1.1.0 test script 'jest'.
25 error Make sure you have the latest version of node.js and npm installed.
25 error If you do, this is most likely a problem with the k2v-bridge package,
25 error not with npm itself.
25 error Tell the author that this fails on your system:
25 error     jest
25 error You can get information on how to open an issue for this project with:
25 error     npm bugs k2v-bridge
25 error Or if that isn't available, you can get their info via:
25 error     npm owner ls k2v-bridge
25 error There is likely additional logging output above.
26 verbose exit [ 1, true ]
